2025-09-01 19:03:50,143 INFO o.a.j.u.JMeterUtils: Setting Locale to en_EN
2025-09-01 19:03:50,165 INFO o.a.j.JMeter: Loading user properties from: user.properties
2025-09-01 19:03:50,166 INFO o.a.j.JMeter: Loading system properties from: system.properties
2025-09-01 19:03:50,173 INFO o.a.j.JMeter: Copyright (c) 1998-2024 The Apache Software Foundation
2025-09-01 19:03:50,173 INFO o.a.j.JMeter: Version 5.6.3
2025-09-01 19:03:50,173 INFO o.a.j.JMeter: java.version=17.0.5
2025-09-01 19:03:50,173 INFO o.a.j.JMeter: java.vm.name=Java HotSpot(TM) 64-Bit Server VM
2025-09-01 19:03:50,173 INFO o.a.j.JMeter: os.name=Windows 11
2025-09-01 19:03:50,173 INFO o.a.j.JMeter: os.arch=amd64
2025-09-01 19:03:50,173 INFO o.a.j.JMeter: os.version=10.0
2025-09-01 19:03:50,173 INFO o.a.j.JMeter: file.encoding=Cp1252
2025-09-01 19:03:50,173 INFO o.a.j.JMeter: java.awt.headless=null
2025-09-01 19:03:50,173 INFO o.a.j.JMeter: Max memory     =1073741824
2025-09-01 19:03:50,174 INFO o.a.j.JMeter: Available Processors =8
2025-09-01 19:03:50,184 INFO o.a.j.JMeter: Default Locale=English (EN)
2025-09-01 19:03:50,184 INFO o.a.j.JMeter: JMeter  Locale=English (EN)
2025-09-01 19:03:50,184 INFO o.a.j.JMeter: JMeterHome=D:\AAA_Performance\apache-jmeter-5.6.3
2025-09-01 19:03:50,184 INFO o.a.j.JMeter: user.dir  =D:\AAA_Performance\apache-jmeter-5.6.3\bin
2025-09-01 19:03:50,185 INFO o.a.j.JMeter: PWD       =D:\AAA_Performance\apache-jmeter-5.6.3\bin
2025-09-01 19:03:50,201 INFO o.a.j.JMeter: IP: 192.168.0.8 Name: TestMinds01 FullName: 192.168.0.8
2025-09-01 19:03:50,213 INFO o.a.j.JMeter: Loaded icon properties from org/apache/jmeter/images/icon.properties
2025-09-01 19:03:50,456 INFO o.a.j.JMeterGuiLauncher: Setting LAF to: com.github.weisj.darklaf.DarkLaf:com.github.weisj.darklaf.theme.DarculaTheme
2025-09-01 19:03:51,805 INFO o.a.j.r.ClassFinder: Will scan jar D:\AAA_Performance\apache-jmeter-5.6.3\lib\ext\jmeter-plugins-casutg-3.0.jar with filter ExtendsClassFilter [parents=[interface org.apache.jmeter.gui.action.Command], inner=false, contains=null, notContains=null]. Consider exposing JMeter plugins via META-INF/services, and add JMeter-Skip-Class-Scanning=true manifest attribute so JMeter can skip classfile scanning
2025-09-01 19:03:51,820 INFO o.a.j.r.ClassFinder: Will scan jar D:\AAA_Performance\apache-jmeter-5.6.3\lib\ext\jmeter-plugins-manager-1.10.jar with filter ExtendsClassFilter [parents=[interface org.apache.jmeter.gui.action.Command], inner=false, contains=null, notContains=null]. Consider exposing JMeter plugins via META-INF/services, and add JMeter-Skip-Class-Scanning=true manifest attribute so JMeter can skip classfile scanning
2025-09-01 19:03:51,959 INFO o.a.j.r.ClassFinder: Will scan jar D:\AAA_Performance\apache-jmeter-5.6.3\lib\ext\jmeter-plugins-casutg-3.0.jar with filter ExtendsClassFilter [parents=[interface org.apache.jmeter.gui.plugin.MenuCreator], inner=false, contains=null, notContains=null]. Consider exposing JMeter plugins via META-INF/services, and add JMeter-Skip-Class-Scanning=true manifest attribute so JMeter can skip classfile scanning
2025-09-01 19:03:51,960 INFO o.a.j.r.ClassFinder: Will scan jar D:\AAA_Performance\apache-jmeter-5.6.3\lib\ext\jmeter-plugins-manager-1.10.jar with filter ExtendsClassFilter [parents=[interface org.apache.jmeter.gui.plugin.MenuCreator], inner=false, contains=null, notContains=null]. Consider exposing JMeter plugins via META-INF/services, and add JMeter-Skip-Class-Scanning=true manifest attribute so JMeter can skip classfile scanning
2025-09-01 19:03:52,230 INFO o.j.r.JARSourceHTTP: Found cached repo
2025-09-01 19:03:52,492 INFO o.j.r.PluginManager: Plugins Status: [jpgc-casutg=3.0, jpgc-plugins-manager=1.10, jmeter-core=5.6.3, jmeter-ftp=5.6.3, jmeter-http=5.6.3, jmeter-jdbc=5.6.3, jmeter-jms=5.6.3, jmeter-junit=5.6.3, jmeter-java=5.6.3, jmeter-ldap=5.6.3, jmeter-mail=5.6.3, jmeter-mongodb=5.6.3, jmeter-native=5.6.3, jmeter-tcp=5.6.3, jmeter-components=5.6.3]
2025-09-01 19:03:52,493 INFO o.j.r.PluginManagerMenuItem: Plugins Manager has upgrades: [jpgc-casutg, jpgc-plugins-manager]
2025-09-01 19:03:57,320 INFO o.a.j.s.FileServer: Default base='D:\AAA_Performance\apache-jmeter-5.6.3\bin'
2025-09-01 19:03:57,322 INFO o.a.j.g.a.Load: Loading file: D:\AAA_Performance\apache-jmeter-5.6.3\bin\AAA.jmx
2025-09-01 19:03:57,322 INFO o.a.j.s.FileServer: Set new base='D:\AAA_Performance\apache-jmeter-5.6.3\bin'
2025-09-01 19:03:57,502 INFO o.a.j.s.SaveService: Testplan (JMX) version: 2.2. Testlog (JTL) version: 2.2
2025-09-01 19:03:57,507 INFO o.a.j.s.SaveService: Using SaveService properties version 5.0
2025-09-01 19:03:57,509 INFO o.a.j.s.SaveService: Using SaveService properties file encoding UTF-8
2025-09-01 19:03:57,510 INFO o.a.j.s.SaveService: Loading file: D:\AAA_Performance\apache-jmeter-5.6.3\bin\AAA.jmx
2025-09-01 19:03:57,793 INFO o.a.j.p.h.s.HTTPSamplerBase: Parser for text/html is org.apache.jmeter.protocol.http.parser.LagartoBasedHtmlParser
2025-09-01 19:03:57,793 INFO o.a.j.p.h.s.HTTPSamplerBase: Parser for application/xhtml+xml is org.apache.jmeter.protocol.http.parser.LagartoBasedHtmlParser
2025-09-01 19:03:57,793 INFO o.a.j.p.h.s.HTTPSamplerBase: Parser for application/xml is org.apache.jmeter.protocol.http.parser.LagartoBasedHtmlParser
2025-09-01 19:03:57,793 INFO o.a.j.p.h.s.HTTPSamplerBase: Parser for text/xml is org.apache.jmeter.protocol.http.parser.LagartoBasedHtmlParser
2025-09-01 19:03:57,793 INFO o.a.j.p.h.s.HTTPSamplerBase: Parser for text/vnd.wap.wml is org.apache.jmeter.protocol.http.parser.RegexpHTMLParser
2025-09-01 19:03:57,793 INFO o.a.j.p.h.s.HTTPSamplerBase: Parser for text/css is org.apache.jmeter.protocol.http.parser.CssParser
2025-09-01 19:03:57,846 INFO o.a.j.s.SampleResult: Note: Sample TimeStamps are START times
2025-09-01 19:03:57,846 INFO o.a.j.s.SampleResult: sampleresult.default.encoding is set to UTF-8
2025-09-01 19:03:57,847 INFO o.a.j.s.SampleResult: sampleresult.useNanoTime=true
2025-09-01 19:03:57,847 INFO o.a.j.s.SampleResult: sampleresult.nanoThreadSleep=5000
2025-09-01 19:03:58,067 INFO o.a.j.r.ClassFinder: Will scan jar D:\AAA_Performance\apache-jmeter-5.6.3\lib\ext\jmeter-plugins-casutg-3.0.jar with filter ExtendsClassFilter [parents=[interface org.apache.jmeter.visualizers.ResultRenderer], inner=false, contains=null, notContains=null]. Consider exposing JMeter plugins via META-INF/services, and add JMeter-Skip-Class-Scanning=true manifest attribute so JMeter can skip classfile scanning
2025-09-01 19:03:58,067 INFO o.a.j.r.ClassFinder: Will scan jar D:\AAA_Performance\apache-jmeter-5.6.3\lib\ext\jmeter-plugins-manager-1.10.jar with filter ExtendsClassFilter [parents=[interface org.apache.jmeter.visualizers.ResultRenderer], inner=false, contains=null, notContains=null]. Consider exposing JMeter plugins via META-INF/services, and add JMeter-Skip-Class-Scanning=true manifest attribute so JMeter can skip classfile scanning
2025-09-01 19:03:58,114 INFO o.a.j.r.ClassFinder: Will scan jar D:\AAA_Performance\apache-jmeter-5.6.3\lib\ext\jmeter-plugins-casutg-3.0.jar with filter ExtendsClassFilter [parents=[interface org.apache.jmeter.visualizers.RequestView], inner=false, contains=null, notContains=null]. Consider exposing JMeter plugins via META-INF/services, and add JMeter-Skip-Class-Scanning=true manifest attribute so JMeter can skip classfile scanning
2025-09-01 19:03:58,115 INFO o.a.j.r.ClassFinder: Will scan jar D:\AAA_Performance\apache-jmeter-5.6.3\lib\ext\jmeter-plugins-manager-1.10.jar with filter ExtendsClassFilter [parents=[interface org.apache.jmeter.visualizers.RequestView], inner=false, contains=null, notContains=null]. Consider exposing JMeter plugins via META-INF/services, and add JMeter-Skip-Class-Scanning=true manifest attribute so JMeter can skip classfile scanning
2025-09-01 19:03:58,427 INFO o.a.j.s.FileServer: Set new base='D:\AAA_Performance\apache-jmeter-5.6.3\bin'
2025-09-01 19:05:32,406 INFO o.a.j.e.StandardJMeterEngine: Running the test!
2025-09-01 19:05:32,407 INFO o.a.j.s.SampleEvent: List of sample_variables: []
2025-09-01 19:05:32,407 INFO o.a.j.s.SampleEvent: List of sample_variables: []
2025-09-01 19:05:32,408 INFO o.a.j.e.u.CompoundVariable: Note: Function class names must contain the string: '.functions.'
2025-09-01 19:05:32,408 INFO o.a.j.e.u.CompoundVariable: Note: Function class names must not contain the string: '.gui.'
2025-09-01 19:05:32,464 INFO o.a.j.r.ClassFinder: Will scan jar D:\AAA_Performance\apache-jmeter-5.6.3\lib\ext\jmeter-plugins-casutg-3.0.jar with filter ExtendsClassFilter [parents=[interface org.apache.jmeter.functions.Function], inner=false, contains=null, notContains=null]. Consider exposing JMeter plugins via META-INF/services, and add JMeter-Skip-Class-Scanning=true manifest attribute so JMeter can skip classfile scanning
2025-09-01 19:05:32,465 INFO o.a.j.r.ClassFinder: Will scan jar D:\AAA_Performance\apache-jmeter-5.6.3\lib\ext\jmeter-plugins-manager-1.10.jar with filter ExtendsClassFilter [parents=[interface org.apache.jmeter.functions.Function], inner=false, contains=null, notContains=null]. Consider exposing JMeter plugins via META-INF/services, and add JMeter-Skip-Class-Scanning=true manifest attribute so JMeter can skip classfile scanning
2025-09-01 19:05:32,478 INFO o.a.j.g.u.JMeterMenuBar: setRunning(true, *local*)
2025-09-01 19:05:32,513 INFO o.a.j.e.StandardJMeterEngine: Starting ThreadGroup: 1 : Thread Group
2025-09-01 19:05:32,513 INFO o.a.j.e.StandardJMeterEngine: Starting 1 threads for group Thread Group.
2025-09-01 19:05:32,513 INFO o.a.j.e.StandardJMeterEngine: Thread will continue on error
2025-09-01 19:05:32,513 INFO o.a.j.t.ThreadGroup: Starting thread group... number=1 threads=1 ramp-up=1 delayedStart=false
2025-09-01 19:05:32,515 INFO o.a.j.t.ThreadGroup: Started thread group number 1
2025-09-01 19:05:32,515 INFO o.a.j.e.StandardJMeterEngine: All thread groups have been started
2025-09-01 19:05:32,516 INFO o.a.j.t.JMeterThread: Thread started: Thread Group 1-1
2025-09-01 19:05:32,825 INFO o.a.j.p.h.s.HTTPHCAbstractImpl: Local host = TestMinds01
2025-09-01 19:05:32,829 INFO o.a.j.p.h.s.HTTPHC4Impl: HTTP request retry count = 0
2025-09-01 19:05:32,957 INFO o.a.j.p.h.s.h.LazyLayeredConnectionSocketFactory: Setting up HTTPS TrustAll Socket Factory
2025-09-01 19:05:32,958 INFO o.a.j.u.JsseSSLManager: Using default SSL protocol: TLS
2025-09-01 19:05:32,958 INFO o.a.j.u.JsseSSLManager: SSL session context: per-thread
2025-09-01 19:05:33,165 INFO o.a.j.u.SSLManager: JmeterKeyStore Location:  type JKS
2025-09-01 19:05:33,166 INFO o.a.j.u.SSLManager: KeyStore created OK
2025-09-01 19:05:33,166 WARN o.a.j.u.SSLManager: Keystore file not found, loading empty keystore
2025-09-01 19:05:37,294 INFO o.a.j.t.JMeterThread: Thread finished: Thread Group 1-1
2025-09-01 19:05:37,296 INFO o.a.j.e.StandardJMeterEngine: Notifying test listeners of end of test
2025-09-01 19:05:37,296 INFO o.a.j.g.u.JMeterMenuBar: setRunning(false, *local*)
2025-09-01 19:06:13,292 INFO o.a.j.e.StandardJMeterEngine: Running the test!
2025-09-01 19:06:13,293 INFO o.a.j.s.SampleEvent: List of sample_variables: []
2025-09-01 19:06:13,295 INFO o.a.j.g.u.JMeterMenuBar: setRunning(true, *local*)
2025-09-01 19:06:13,302 INFO o.a.j.e.StandardJMeterEngine: Starting ThreadGroup: 1 : Thread Group
2025-09-01 19:06:13,302 INFO o.a.j.e.StandardJMeterEngine: Starting 1 threads for group Thread Group.
2025-09-01 19:06:13,302 INFO o.a.j.e.StandardJMeterEngine: Thread will continue on error
2025-09-01 19:06:13,302 INFO o.a.j.t.ThreadGroup: Starting thread group... number=1 threads=1 ramp-up=1 delayedStart=false
2025-09-01 19:06:13,302 INFO o.a.j.t.ThreadGroup: Started thread group number 1
2025-09-01 19:06:13,302 INFO o.a.j.e.StandardJMeterEngine: All thread groups have been started
2025-09-01 19:06:13,303 INFO o.a.j.t.JMeterThread: Thread started: Thread Group 1-1
2025-09-01 19:06:18,009 INFO o.a.j.t.JMeterThread: Thread finished: Thread Group 1-1
2025-09-01 19:06:18,010 INFO o.a.j.e.StandardJMeterEngine: Notifying test listeners of end of test
2025-09-01 19:06:18,010 INFO o.a.j.g.u.JMeterMenuBar: setRunning(false, *local*)
2025-09-01 19:06:47,414 INFO o.a.j.e.StandardJMeterEngine: Running the test!
2025-09-01 19:06:47,416 INFO o.a.j.s.SampleEvent: List of sample_variables: []
2025-09-01 19:06:47,418 INFO o.a.j.g.u.JMeterMenuBar: setRunning(true, *local*)
2025-09-01 19:06:47,457 INFO o.a.j.e.StandardJMeterEngine: Starting ThreadGroup: 1 : Thread Group
2025-09-01 19:06:47,457 INFO o.a.j.e.StandardJMeterEngine: Starting 1 threads for group Thread Group.
2025-09-01 19:06:47,457 INFO o.a.j.e.StandardJMeterEngine: Thread will continue on error
2025-09-01 19:06:47,457 INFO o.a.j.t.ThreadGroup: Starting thread group... number=1 threads=1 ramp-up=1 delayedStart=false
2025-09-01 19:06:47,457 INFO o.a.j.t.ThreadGroup: Started thread group number 1
2025-09-01 19:06:47,458 INFO o.a.j.e.StandardJMeterEngine: All thread groups have been started
2025-09-01 19:06:47,458 INFO o.a.j.t.JMeterThread: Thread started: Thread Group 1-1
2025-09-01 19:06:52,658 INFO o.a.j.t.JMeterThread: Stopping because end time detected by thread: Thread Group 1-1
2025-09-01 19:06:52,659 INFO o.a.j.t.JMeterThread: Thread finished: Thread Group 1-1
2025-09-01 19:06:52,659 INFO o.a.j.e.StandardJMeterEngine: Notifying test listeners of end of test
2025-09-01 19:06:52,660 INFO o.a.j.g.u.JMeterMenuBar: setRunning(false, *local*)
2025-09-01 19:09:10,005 INFO o.a.j.e.StandardJMeterEngine: Running the test!
2025-09-01 19:09:10,006 INFO o.a.j.s.SampleEvent: List of sample_variables: []
2025-09-01 19:09:10,008 INFO o.a.j.g.u.JMeterMenuBar: setRunning(true, *local*)
2025-09-01 19:09:10,047 INFO o.a.j.e.StandardJMeterEngine: Starting ThreadGroup: 1 : Thread Group
2025-09-01 19:09:10,048 INFO o.a.j.e.StandardJMeterEngine: Starting 1 threads for group Thread Group.
2025-09-01 19:09:10,048 INFO o.a.j.e.StandardJMeterEngine: Thread will continue on error
2025-09-01 19:09:10,048 INFO o.a.j.t.ThreadGroup: Starting thread group... number=1 threads=1 ramp-up=1 delayedStart=false
2025-09-01 19:09:10,049 INFO o.a.j.t.ThreadGroup: Started thread group number 1
2025-09-01 19:09:10,049 INFO o.a.j.e.StandardJMeterEngine: All thread groups have been started
2025-09-01 19:09:10,049 INFO o.a.j.t.JMeterThread: Thread started: Thread Group 1-1
2025-09-01 19:09:15,278 INFO o.a.j.t.JMeterThread: Stopping because end time detected by thread: Thread Group 1-1
2025-09-01 19:09:15,278 INFO o.a.j.t.JMeterThread: Thread finished: Thread Group 1-1
2025-09-01 19:09:15,278 INFO o.a.j.e.StandardJMeterEngine: Notifying test listeners of end of test
2025-09-01 19:09:15,279 INFO o.a.j.g.u.JMeterMenuBar: setRunning(false, *local*)
2025-09-01 19:09:49,261 INFO o.a.j.e.StandardJMeterEngine: Running the test!
2025-09-01 19:09:49,261 INFO o.a.j.s.SampleEvent: List of sample_variables: []
2025-09-01 19:09:49,263 INFO o.a.j.g.u.JMeterMenuBar: setRunning(true, *local*)
2025-09-01 19:09:49,266 INFO o.a.j.e.StandardJMeterEngine: Starting ThreadGroup: 1 : Thread Group
2025-09-01 19:09:49,266 INFO o.a.j.e.StandardJMeterEngine: Starting 1 threads for group Thread Group.
2025-09-01 19:09:49,266 INFO o.a.j.e.StandardJMeterEngine: Thread will continue on error
2025-09-01 19:09:49,266 INFO o.a.j.t.ThreadGroup: Starting thread group... number=1 threads=1 ramp-up=1 delayedStart=false
2025-09-01 19:09:49,267 INFO o.a.j.t.ThreadGroup: Started thread group number 1
2025-09-01 19:09:49,267 INFO o.a.j.e.StandardJMeterEngine: All thread groups have been started
2025-09-01 19:09:49,268 INFO o.a.j.t.JMeterThread: Thread started: Thread Group 1-1
2025-09-01 19:09:54,471 INFO o.a.j.t.JMeterThread: Stopping because end time detected by thread: Thread Group 1-1
2025-09-01 19:09:54,471 INFO o.a.j.t.JMeterThread: Thread finished: Thread Group 1-1
2025-09-01 19:09:54,472 INFO o.a.j.e.StandardJMeterEngine: Notifying test listeners of end of test
2025-09-01 19:09:54,472 INFO o.a.j.g.u.JMeterMenuBar: setRunning(false, *local*)
2025-09-01 19:14:20,011 INFO o.a.j.e.StandardJMeterEngine: Running the test!
2025-09-01 19:14:20,012 INFO o.a.j.s.SampleEvent: List of sample_variables: []
2025-09-01 19:14:20,014 INFO o.a.j.g.u.JMeterMenuBar: setRunning(true, *local*)
2025-09-01 19:14:20,055 INFO o.a.j.e.StandardJMeterEngine: Starting ThreadGroup: 1 : Thread Group
2025-09-01 19:14:20,055 INFO o.a.j.e.StandardJMeterEngine: Starting 1 threads for group Thread Group.
2025-09-01 19:14:20,055 INFO o.a.j.e.StandardJMeterEngine: Thread will continue on error
2025-09-01 19:14:20,055 INFO o.a.j.t.ThreadGroup: Starting thread group... number=1 threads=1 ramp-up=1 delayedStart=false
2025-09-01 19:14:20,057 INFO o.a.j.t.ThreadGroup: Started thread group number 1
2025-09-01 19:14:20,057 INFO o.a.j.e.StandardJMeterEngine: All thread groups have been started
2025-09-01 19:14:20,057 INFO o.a.j.t.JMeterThread: Thread started: Thread Group 1-1
2025-09-01 19:14:25,256 INFO o.a.j.t.JMeterThread: Stopping because end time detected by thread: Thread Group 1-1
2025-09-01 19:14:25,256 INFO o.a.j.t.JMeterThread: Thread finished: Thread Group 1-1
2025-09-01 19:14:25,257 INFO o.a.j.e.StandardJMeterEngine: Notifying test listeners of end of test
2025-09-01 19:14:25,257 INFO o.a.j.g.u.JMeterMenuBar: setRunning(false, *local*)
2025-09-01 19:14:50,103 INFO o.a.j.s.FileServer: Set new base='D:\AAA_Performance'
2025-09-01 19:15:50,176 INFO o.a.j.e.StandardJMeterEngine: Running the test!
2025-09-01 19:15:50,177 INFO o.a.j.s.SampleEvent: List of sample_variables: []
2025-09-01 19:15:50,179 INFO o.a.j.g.u.JMeterMenuBar: setRunning(true, *local*)
2025-09-01 19:15:50,217 INFO o.a.j.e.StandardJMeterEngine: Starting ThreadGroup: 1 : Thread Group
2025-09-01 19:15:50,217 INFO o.a.j.e.StandardJMeterEngine: Starting 1 threads for group Thread Group.
2025-09-01 19:15:50,217 INFO o.a.j.e.StandardJMeterEngine: Thread will continue on error
2025-09-01 19:15:50,217 INFO o.a.j.t.ThreadGroup: Starting thread group... number=1 threads=1 ramp-up=1 delayedStart=false
2025-09-01 19:15:50,218 INFO o.a.j.t.ThreadGroup: Started thread group number 1
2025-09-01 19:15:50,218 INFO o.a.j.e.StandardJMeterEngine: All thread groups have been started
2025-09-01 19:15:50,219 INFO o.a.j.t.JMeterThread: Thread started: Thread Group 1-1
2025-09-01 19:15:55,475 INFO o.a.j.t.JMeterThread: Stopping because end time detected by thread: Thread Group 1-1
2025-09-01 19:15:55,475 INFO o.a.j.t.JMeterThread: Thread finished: Thread Group 1-1
2025-09-01 19:15:55,476 INFO o.a.j.e.StandardJMeterEngine: Notifying test listeners of end of test
2025-09-01 19:15:55,476 INFO o.a.j.g.u.JMeterMenuBar: setRunning(false, *local*)
2025-09-01 19:18:32,439 INFO o.a.j.e.StandardJMeterEngine: Running the test!
2025-09-01 19:18:32,440 INFO o.a.j.s.SampleEvent: List of sample_variables: []
2025-09-01 19:18:32,441 INFO o.a.j.g.u.JMeterMenuBar: setRunning(true, *local*)
2025-09-01 19:18:32,483 INFO o.a.j.e.StandardJMeterEngine: Starting ThreadGroup: 1 : Thread Group
2025-09-01 19:18:32,484 INFO o.a.j.e.StandardJMeterEngine: Starting 1 threads for group Thread Group.
2025-09-01 19:18:32,484 INFO o.a.j.e.StandardJMeterEngine: Thread will continue on error
2025-09-01 19:18:32,484 INFO o.a.j.t.ThreadGroup: Starting thread group... number=1 threads=1 ramp-up=1 delayedStart=false
2025-09-01 19:18:32,484 INFO o.a.j.t.ThreadGroup: Started thread group number 1
2025-09-01 19:18:32,484 INFO o.a.j.e.StandardJMeterEngine: All thread groups have been started
2025-09-01 19:18:32,485 INFO o.a.j.t.JMeterThread: Thread started: Thread Group 1-1
2025-09-01 19:18:37,565 INFO o.a.j.t.JMeterThread: Stopping because end time detected by thread: Thread Group 1-1
2025-09-01 19:18:37,565 INFO o.a.j.t.JMeterThread: Thread finished: Thread Group 1-1
2025-09-01 19:18:37,566 INFO o.a.j.e.StandardJMeterEngine: Notifying test listeners of end of test
2025-09-01 19:18:37,566 INFO o.a.j.g.u.JMeterMenuBar: setRunning(false, *local*)
2025-09-01 19:40:20,545 INFO o.a.j.e.StandardJMeterEngine: Running the test!
2025-09-01 19:40:20,545 INFO o.a.j.s.SampleEvent: List of sample_variables: []
2025-09-01 19:40:20,547 INFO o.a.j.g.u.JMeterMenuBar: setRunning(true, *local*)
2025-09-01 19:40:20,591 INFO o.a.j.e.StandardJMeterEngine: Starting ThreadGroup: 1 : Thread Group
2025-09-01 19:40:20,591 INFO o.a.j.e.StandardJMeterEngine: Starting 1 threads for group Thread Group.
2025-09-01 19:40:20,591 INFO o.a.j.e.StandardJMeterEngine: Thread will continue on error
2025-09-01 19:40:20,591 INFO o.a.j.t.ThreadGroup: Starting thread group... number=1 threads=1 ramp-up=1 delayedStart=false
2025-09-01 19:40:20,591 INFO o.a.j.t.ThreadGroup: Started thread group number 1
2025-09-01 19:40:20,591 INFO o.a.j.e.StandardJMeterEngine: All thread groups have been started
2025-09-01 19:40:20,592 INFO o.a.j.t.JMeterThread: Thread started: Thread Group 1-1
2025-09-01 19:40:25,356 INFO o.a.j.t.JMeterThread: Thread finished: Thread Group 1-1
2025-09-01 19:40:25,356 INFO o.a.j.e.StandardJMeterEngine: Notifying test listeners of end of test
2025-09-01 19:40:25,357 INFO o.a.j.g.u.JMeterMenuBar: setRunning(false, *local*)
2025-09-01 19:40:31,771 INFO o.a.j.e.StandardJMeterEngine: Running the test!
2025-09-01 19:40:31,772 INFO o.a.j.s.SampleEvent: List of sample_variables: []
2025-09-01 19:40:31,774 INFO o.a.j.g.u.JMeterMenuBar: setRunning(true, *local*)
2025-09-01 19:40:31,829 INFO o.a.j.e.StandardJMeterEngine: Starting ThreadGroup: 1 : Thread Group
2025-09-01 19:40:31,829 INFO o.a.j.e.StandardJMeterEngine: Starting 1 threads for group Thread Group.
2025-09-01 19:40:31,829 INFO o.a.j.e.StandardJMeterEngine: Thread will continue on error
2025-09-01 19:40:31,829 INFO o.a.j.t.ThreadGroup: Starting thread group... number=1 threads=1 ramp-up=1 delayedStart=false
2025-09-01 19:40:31,830 INFO o.a.j.t.ThreadGroup: Started thread group number 1
2025-09-01 19:40:31,830 INFO o.a.j.e.StandardJMeterEngine: All thread groups have been started
2025-09-01 19:40:31,830 INFO o.a.j.t.JMeterThread: Thread started: Thread Group 1-1
2025-09-01 19:40:32,832 INFO o.a.j.t.JMeterThread: Stop Test Now detected by thread: Thread Group 1-1
2025-09-01 19:40:32,833 INFO o.a.j.t.JMeterThread: Thread finished: Thread Group 1-1
2025-09-01 19:40:32,834 INFO o.a.j.e.StandardJMeterEngine: Notifying test listeners of end of test
2025-09-01 19:40:32,834 INFO o.a.j.g.u.JMeterMenuBar: setRunning(false, *local*)
2025-09-01 19:54:10,253 INFO o.a.j.e.StandardJMeterEngine: Running the test!
2025-09-01 19:54:10,253 INFO o.a.j.s.SampleEvent: List of sample_variables: []
2025-09-01 19:54:10,254 INFO o.a.j.g.u.JMeterMenuBar: setRunning(true, *local*)
2025-09-01 19:54:10,303 INFO o.a.j.e.StandardJMeterEngine: Starting ThreadGroup: 1 : Thread Group
2025-09-01 19:54:10,303 INFO o.a.j.e.StandardJMeterEngine: Starting 1 threads for group Thread Group.
2025-09-01 19:54:10,303 INFO o.a.j.e.StandardJMeterEngine: Thread will continue on error
2025-09-01 19:54:10,303 INFO o.a.j.t.ThreadGroup: Starting thread group... number=1 threads=1 ramp-up=1 delayedStart=false
2025-09-01 19:54:10,303 INFO o.a.j.t.ThreadGroup: Started thread group number 1
2025-09-01 19:54:10,304 INFO o.a.j.e.StandardJMeterEngine: All thread groups have been started
2025-09-01 19:54:10,304 INFO o.a.j.t.JMeterThread: Thread started: Thread Group 1-1
2025-09-01 19:54:15,470 INFO o.a.j.t.JMeterThread: Stopping because end time detected by thread: Thread Group 1-1
2025-09-01 19:54:15,471 INFO o.a.j.t.JMeterThread: Thread finished: Thread Group 1-1
2025-09-01 19:54:15,471 INFO o.a.j.e.StandardJMeterEngine: Notifying test listeners of end of test
2025-09-01 19:54:15,472 INFO o.a.j.g.u.JMeterMenuBar: setRunning(false, *local*)
2025-09-01 20:14:56,953 INFO o.a.j.e.StandardJMeterEngine: Running the test!
2025-09-01 20:14:56,953 INFO o.a.j.s.SampleEvent: List of sample_variables: []
2025-09-01 20:14:56,953 INFO o.a.j.g.u.JMeterMenuBar: setRunning(true, *local*)
2025-09-01 20:14:57,001 INFO o.a.j.e.StandardJMeterEngine: Starting ThreadGroup: 1 : Thread Group
2025-09-01 20:14:57,001 INFO o.a.j.e.StandardJMeterEngine: Starting 1 threads for group Thread Group.
2025-09-01 20:14:57,001 INFO o.a.j.e.StandardJMeterEngine: Thread will continue on error
2025-09-01 20:14:57,001 INFO o.a.j.t.ThreadGroup: Starting thread group... number=1 threads=1 ramp-up=1 delayedStart=false
2025-09-01 20:14:57,001 INFO o.a.j.t.ThreadGroup: Started thread group number 1
2025-09-01 20:14:57,001 INFO o.a.j.e.StandardJMeterEngine: All thread groups have been started
2025-09-01 20:14:57,001 INFO o.a.j.t.JMeterThread: Thread started: Thread Group 1-1
2025-09-01 20:15:02,275 INFO o.a.j.t.JMeterThread: Stopping because end time detected by thread: Thread Group 1-1
2025-09-01 20:15:02,275 INFO o.a.j.t.JMeterThread: Thread finished: Thread Group 1-1
2025-09-01 20:15:02,275 INFO o.a.j.e.StandardJMeterEngine: Notifying test listeners of end of test
2025-09-01 20:15:02,275 INFO o.a.j.g.u.JMeterMenuBar: setRunning(false, *local*)
