2025-03-05 16:20:05,741 INFO o.a.j.u.JMeterUtils: Setting Locale to pt_BR
2025-03-05 16:20:05,771 INFO o.a.j.JMeter: Loading user properties from: user.properties
2025-03-05 16:20:05,772 INFO o.a.j.JMeter: Loading system properties from: system.properties
2025-03-05 16:20:05,772 INFO o.a.j.JMeter: Loading additional properties from: D:\JivroPerformance\apache-jmeter-5.6.3\bin\user.properties
2025-03-05 16:20:05,779 INFO o.a.j.JMeter: Copyright (c) 1998-2024 The Apache Software Foundation
2025-03-05 16:20:05,780 INFO o.a.j.JMeter: Version 5.6.3
2025-03-05 16:20:05,780 INFO o.a.j.JMeter: java.version=17.0.5
2025-03-05 16:20:05,780 INFO o.a.j.JMeter: java.vm.name=Java HotSpot(TM) 64-Bit Server VM
2025-03-05 16:20:05,780 INFO o.a.j.JMeter: os.name=Windows 11
2025-03-05 16:20:05,780 INFO o.a.j.JMeter: os.arch=amd64
2025-03-05 16:20:05,780 INFO o.a.j.JMeter: os.version=10.0
2025-03-05 16:20:05,780 INFO o.a.j.JMeter: file.encoding=Cp1252
2025-03-05 16:20:05,780 INFO o.a.j.JMeter: java.awt.headless=true
2025-03-05 16:20:05,780 INFO o.a.j.JMeter: Max memory     =5339348992
2025-03-05 16:20:05,780 INFO o.a.j.JMeter: Available Processors =8
2025-03-05 16:20:05,792 INFO o.a.j.JMeter: Default Locale=português (Brasil)
2025-03-05 16:20:05,794 INFO o.a.j.JMeter: JMeter  Locale=português (Brasil)
2025-03-05 16:20:05,794 INFO o.a.j.JMeter: JMeterHome=D:\JivroPerformance\apache-jmeter-5.6.3
2025-03-05 16:20:05,794 INFO o.a.j.JMeter: user.dir  =D:\JivroPerformance\apache-jmeter-5.6.3\bin
2025-03-05 16:20:05,795 INFO o.a.j.JMeter: PWD       =D:\JivroPerformance\apache-jmeter-5.6.3\bin
2025-03-05 16:20:05,818 INFO o.a.j.JMeter: IP: 192.168.0.3 Name: TestMinds01 FullName: 192.168.0.3
2025-03-05 16:20:05,830 INFO o.a.j.JMeter: Setting property 'jmeter.reportgenerator.outputdir' to:'D:\JivroPerformance\results\report'
2025-03-05 16:20:05,835 INFO o.a.j.r.d.ReportGenerator: ReportGenerator will use for Parsing the separator: ','
2025-03-05 16:20:05,836 INFO o.a.j.r.d.ReportGenerator: Will only generate report from results file: D:\JivroPerformance\results\results.jtl
2025-03-05 16:20:05,836 INFO o.a.j.r.d.ReportGenerator: Reading report generator properties from: D:\JivroPerformance\apache-jmeter-5.6.3\bin\reportgenerator.properties
2025-03-05 16:20:05,929 INFO o.a.j.r.d.ReportGenerator: Merging with JMeter properties
2025-03-05 16:20:05,953 INFO o.a.j.r.c.ReportGeneratorConfiguration: Property 'jmeter.reportgenerator.temp_dir' not found, using default value 'temp' instead.
2025-03-05 16:20:05,956 INFO o.a.j.r.c.ReportGeneratorConfiguration: Property 'jmeter.reportgenerator.apdex_per_transaction' not found, using default value 'null' instead.
2025-03-05 16:20:05,961 INFO o.a.j.r.c.ReportGeneratorConfiguration: apdex_per_transaction is empty, not APDEX per transaction customization
2025-03-05 16:20:05,961 INFO o.a.j.r.c.ReportGeneratorConfiguration: Property 'jmeter.reportgenerator.sample_filter' not found, using default value 'null' instead.
2025-03-05 16:20:05,961 INFO o.a.j.r.c.ReportGeneratorConfiguration: Property 'jmeter.reportgenerator.report_title' not found, using default value 'null' instead.
2025-03-05 16:20:05,961 INFO o.a.j.r.c.ReportGeneratorConfiguration: Property 'jmeter.reportgenerator.start_date' not found, using default value 'null' instead.
2025-03-05 16:20:05,961 INFO o.a.j.r.c.ReportGeneratorConfiguration: Property 'jmeter.reportgenerator.end_date' not found, using default value 'null' instead.
2025-03-05 16:20:05,961 INFO o.a.j.r.c.ReportGeneratorConfiguration: Property 'jmeter.reportgenerator.date_format' not found, using default value 'null' instead.
2025-03-05 16:20:05,964 INFO o.a.j.r.c.ReportGeneratorConfiguration: Will use date range start date: null, end date: null
2025-03-05 16:20:05,972 INFO o.a.j.r.c.ReportGeneratorConfiguration: Property 'jmeter.reportgenerator.graph.totalTPS.exclude_controllers' not found, using default value 'false' instead.
2025-03-05 16:20:05,972 INFO o.a.j.r.c.ReportGeneratorConfiguration: Property 'jmeter.reportgenerator.graph.activeThreadsOverTime.exclude_controllers' not found, using default value 'false' instead.
2025-03-05 16:20:05,972 INFO o.a.j.r.c.ReportGeneratorConfiguration: Property 'jmeter.reportgenerator.graph.timeVsThreads.exclude_controllers' not found, using default value 'false' instead.
2025-03-05 16:20:05,972 INFO o.a.j.r.c.ReportGeneratorConfiguration: Property 'jmeter.reportgenerator.graph.responseTimeDistribution.exclude_controllers' not found, using default value 'false' instead.
2025-03-05 16:20:05,972 INFO o.a.j.r.c.ReportGeneratorConfiguration: Property 'jmeter.reportgenerator.graph.transactionsPerSecond.exclude_controllers' not found, using default value 'false' instead.
2025-03-05 16:20:05,972 INFO o.a.j.r.c.ReportGeneratorConfiguration: Property 'jmeter.reportgenerator.graph.responseTimePercentiles.exclude_controllers' not found, using default value 'false' instead.
2025-03-05 16:20:05,972 INFO o.a.j.r.c.ReportGeneratorConfiguration: Property 'jmeter.reportgenerator.graph.responseTimePercentilesOverTime.exclude_controllers' not found, using default value 'false' instead.
2025-03-05 16:20:05,973 INFO o.a.j.r.c.ReportGeneratorConfiguration: Property 'jmeter.reportgenerator.graph.responseTimesOverTime.exclude_controllers' not found, using default value 'false' instead.
2025-03-05 16:20:05,973 INFO o.a.j.r.c.ReportGeneratorConfiguration: Property 'jmeter.reportgenerator.graph.connectTimeOverTime.exclude_controllers' not found, using default value 'false' instead.
2025-03-05 16:20:05,973 INFO o.a.j.r.c.ReportGeneratorConfiguration: Property 'jmeter.reportgenerator.graph.latenciesOverTime.exclude_controllers' not found, using default value 'false' instead.
2025-03-05 16:20:05,974 INFO o.a.j.r.c.ReportGeneratorConfiguration: Property 'jmeter.reportgenerator.exporter.json.filters_only_sample_series' not found, using default value 'true' instead.
2025-03-05 16:20:05,974 INFO o.a.j.r.c.ReportGeneratorConfiguration: Property 'jmeter.reportgenerator.exporter.json.series_filter' not found, using default value '' instead.
2025-03-05 16:20:05,974 INFO o.a.j.r.c.ReportGeneratorConfiguration: Property 'jmeter.reportgenerator.exporter.json.show_controllers_only' not found, using default value 'false' instead.
2025-03-05 16:20:05,974 INFO o.a.j.r.c.ReportGeneratorConfiguration: Property 'jmeter.reportgenerator.exporter.html.filters_only_sample_series' not found, using default value 'true' instead.
2025-03-05 16:20:05,974 INFO o.a.j.r.c.ReportGeneratorConfiguration: Property 'jmeter.reportgenerator.exporter.html.series_filter' not found, using default value '' instead.
2025-03-05 16:20:05,974 INFO o.a.j.r.c.ReportGeneratorConfiguration: Property 'jmeter.reportgenerator.exporter.html.show_controllers_only' not found, using default value 'false' instead.
2025-03-05 16:20:06,137 INFO o.a.j.s.SaveService: Testplan (JMX) version: 2.2. Testlog (JTL) version: 2.2
2025-03-05 16:20:06,161 INFO o.a.j.s.SaveService: Using SaveService properties version 5.0
2025-03-05 16:20:06,164 INFO o.a.j.s.SaveService: Using SaveService properties file encoding UTF-8
2025-03-05 16:20:06,183 INFO o.a.j.r.p.NormalizerSampleConsumer: Using format, 'ms', to parse timeStamp field
2025-03-05 16:20:06,483 INFO o.a.j.r.p.AbstractSampleConsumer: class org.apache.jmeter.report.processor.AggregateConsumer#stopProducing(): beginDate produced 0 samples
2025-03-05 16:20:06,483 INFO o.a.j.r.p.AbstractSampleConsumer: class org.apache.jmeter.report.processor.AggregateConsumer#stopProducing(): endDate produced 0 samples
2025-03-05 16:20:06,487 INFO o.a.j.r.p.AbstractSampleConsumer: class org.apache.jmeter.report.processor.ApdexSummaryConsumer#stopProducing(): apdexSummary produced 0 samples
2025-03-05 16:20:06,488 INFO o.a.j.r.p.AbstractSampleConsumer: class org.apache.jmeter.report.processor.RequestsSummaryConsumer#stopProducing(): requestsSummary produced 0 samples
2025-03-05 16:20:06,492 INFO o.a.j.r.p.AbstractSampleConsumer: class org.apache.jmeter.report.processor.StatisticsSummaryConsumer#stopProducing(): statisticsSummary produced 0 samples
2025-03-05 16:20:06,498 INFO o.a.j.r.p.AbstractSampleConsumer: class org.apache.jmeter.report.processor.Top5ErrorsBySamplerConsumer#stopProducing(): top5ErrorsBySampler produced 0 samples
2025-03-05 16:20:06,498 INFO o.a.j.r.p.AbstractSampleConsumer: class org.apache.jmeter.report.processor.ErrorsSummaryConsumer#stopProducing(): errorsSummary produced 0 samples
2025-03-05 16:20:06,498 INFO o.a.j.r.p.AbstractSampleConsumer: class org.apache.jmeter.report.processor.graph.impl.HitsPerSecondGraphConsumer#stopProducing(): hitsPerSecond produced 0 samples
2025-03-05 16:20:06,532 INFO o.a.j.r.p.AbstractSampleConsumer: class org.apache.jmeter.report.processor.graph.impl.LatencyVSRequestGraphConsumer#stopProducing(): latencyVsRequest produced 0 samples
2025-03-05 16:20:06,532 INFO o.a.j.r.p.AbstractSampleConsumer: class org.apache.jmeter.report.processor.graph.impl.SyntheticResponseTimeDistributionGraphConsumer#stopProducing(): syntheticResponseTimeDistribution produced 0 samples
2025-03-05 16:20:06,532 INFO o.a.j.r.p.AbstractSampleConsumer: class org.apache.jmeter.report.processor.graph.impl.BytesThroughputGraphConsumer#stopProducing(): bytesThroughputOverTime produced 0 samples
2025-03-05 16:20:06,532 INFO o.a.j.r.p.AbstractSampleConsumer: class org.apache.jmeter.report.processor.graph.impl.CodesPerSecondGraphConsumer#stopProducing(): codesPerSecond produced 0 samples
2025-03-05 16:20:06,536 INFO o.a.j.r.p.AbstractSampleConsumer: class org.apache.jmeter.report.processor.graph.impl.ResponseTimeVSRequestGraphConsumer#stopProducing(): responseTimeVsRequest produced 0 samples
2025-03-05 16:20:06,536 INFO o.a.j.r.p.AbstractSampleConsumer: class org.apache.jmeter.report.processor.FilterConsumer#stopProducing(): startIntervalControlerFilter produced 434 samples
2025-03-05 16:20:06,536 INFO o.a.j.r.p.AbstractSampleConsumer: class org.apache.jmeter.report.processor.graph.impl.TotalTPSGraphConsumer#stopProducing(): totalTPS produced 0 samples
2025-03-05 16:20:06,537 INFO o.a.j.r.p.AbstractSampleConsumer: class org.apache.jmeter.report.processor.graph.impl.ActiveThreadsGraphConsumer#stopProducing(): activeThreadsOverTime produced 0 samples
2025-03-05 16:20:06,537 INFO o.a.j.r.p.AbstractSampleConsumer: class org.apache.jmeter.report.processor.graph.impl.TimeVSThreadGraphConsumer#stopProducing(): timeVsThreads produced 0 samples
2025-03-05 16:20:06,539 INFO o.a.j.r.p.AbstractSampleConsumer: class org.apache.jmeter.report.processor.graph.impl.ResponseTimeDistributionGraphConsumer#stopProducing(): responseTimeDistribution produced 0 samples
2025-03-05 16:20:06,540 INFO o.a.j.r.p.AbstractSampleConsumer: class org.apache.jmeter.report.processor.graph.impl.TransactionsPerSecondGraphConsumer#stopProducing(): transactionsPerSecond produced 0 samples
2025-03-05 16:20:06,540 INFO o.a.j.r.p.AbstractSampleConsumer: class org.apache.jmeter.report.processor.graph.impl.ResponseTimePercentilesGraphConsumer#stopProducing(): responseTimePercentiles produced 0 samples
2025-03-05 16:20:06,548 INFO o.a.j.r.p.AbstractSampleConsumer: class org.apache.jmeter.report.processor.graph.impl.ResponseTimePercentilesOverTimeGraphConsumer#stopProducing(): responseTimePercentilesOverTime produced 0 samples
2025-03-05 16:20:06,548 INFO o.a.j.r.p.AbstractSampleConsumer: class org.apache.jmeter.report.processor.graph.impl.ResponseTimeOverTimeGraphConsumer#stopProducing(): responseTimesOverTime produced 0 samples
2025-03-05 16:20:06,549 INFO o.a.j.r.p.AbstractSampleConsumer: class org.apache.jmeter.report.processor.graph.impl.ConnectTimeOverTimeGraphConsumer#stopProducing(): connectTimeOverTime produced 0 samples
2025-03-05 16:20:06,549 INFO o.a.j.r.p.AbstractSampleConsumer: class org.apache.jmeter.report.processor.graph.impl.LatencyOverTimeGraphConsumer#stopProducing(): latenciesOverTime produced 0 samples
2025-03-05 16:20:06,549 INFO o.a.j.r.p.AbstractSampleConsumer: class org.apache.jmeter.report.processor.FilterConsumer#stopProducing(): nameFilter produced 960 samples
2025-03-05 16:20:06,549 INFO o.a.j.r.p.AbstractSampleConsumer: class org.apache.jmeter.report.processor.FilterConsumer#stopProducing(): dateRangeFilter produced 192 samples
2025-03-05 16:20:06,549 INFO o.a.j.r.p.AbstractSampleConsumer: class org.apache.jmeter.report.processor.NormalizerSampleConsumer#stopProducing(): normalizer produced 64 samples
2025-03-05 16:20:06,551 INFO o.a.j.r.p.CsvFileSampleSource: produce(): 64 samples produced in 243ms on channel 0
2025-03-05 16:20:06,551 INFO o.a.j.r.d.ReportGenerator: Exporting data using exporter:'json' of className:'org.apache.jmeter.report.dashboard.JsonExporter'
2025-03-05 16:20:06,620 INFO o.a.j.r.d.JsonExporter: Found data for consumer statisticsSummary in context
2025-03-05 16:20:06,620 INFO o.a.j.r.d.JsonExporter: Creating statistics for overall
2025-03-05 16:20:06,621 INFO o.a.j.r.d.JsonExporter: Creating statistics for other transactions
2025-03-05 16:20:06,621 INFO o.a.j.r.d.JsonExporter: Checking output folder
2025-03-05 16:20:06,622 INFO o.a.j.r.d.JsonExporter: Writing statistics JSON to D:\JivroPerformance\results\report\statistics.json
2025-03-05 16:20:06,713 INFO o.a.j.r.d.ReportGenerator: Exporting data using exporter:'html' of className:'org.apache.jmeter.report.dashboard.HtmlTemplateExporter'
2025-03-05 16:20:06,716 INFO o.a.j.r.d.HtmlTemplateExporter: Will generate dashboard in folder: D:\JivroPerformance\results\report
2025-03-05 16:20:07,018 INFO o.a.j.r.d.HtmlTemplateExporter: Report will be generated in: D:\JivroPerformance\results\report, creating folder structure
2025-03-05 16:20:07,019 INFO o.a.j.r.d.TemplateVisitor: Copying folder from 'D:\JivroPerformance\apache-jmeter-5.6.3\bin\report-template' to 'D:\JivroPerformance\results\report', got message: D:\JivroPerformance\results\report, found non empty folder with following content [D:\JivroPerformance\results\report\statistics.json], will be ignored
